<?xml version="1.0" encoding="UTF-8"?>
<testng-results ignored="0" total="1" passed="1" failed="0" skipped="0">
  <reporter-output>
    <line>
      <![CDATA[customer created successfully]]>
    </line>
  </reporter-output>
  <suite started-at="2024-08-23T07:40:41 IST" name="Suite" finished-at="2024-08-23T07:40:42 IST" duration-ms="107">
    <groups>
    </groups>
    <test started-at="2024-08-23T07:40:41 IST" name="Test" finished-at="2024-08-23T07:40:42 IST" duration-ms="107">
      <class name="com.Actitimetestscripts.Createtest">
        <test-method signature="createCustomerTest()[pri:0, instance:com.Actitimetestscripts.Createtest@5a56cdac]" started-at="2024-08-23T07:40:42 IST" name="createCustomerTest" finished-at="2024-08-23T07:40:42 IST" duration-ms="19" status="PASS">
          <reporter-output>
            <line>
              <![CDATA[customer created successfully]]>
            </line>
          </reporter-output>
        </test-method> <!-- createCustomerTest -->
      </class> <!-- com.Actitimetestscripts.Createtest -->
    </test> <!-- Test -->
  </suite> <!-- Suite -->
</testng-results>
